<?xml version="1.0" encoding="UTF-8"?>
<!-- Generated by org.testng.reporters.JUnitXMLReporter -->
<testsuite hostname="KSAKINAL-L-505" ignored="0" name="Test" tests="2" failures="0" timestamp="21 Mar 2017 07:55:03 GMT" time="0.268" errors="0">
  <testcase name="@BeforeClass setUp" time="0.0" classname="com.evoke.browserstack.BrowserStackDemoWithJson">
    <failure type="java.lang.NullPointerException">
      <![CDATA[java.lang.NullPointerException
	at com.evoke.browserstack.BrowserStackDemoWithJson.setUp(BrowserStackDemoWithJson.java:51)
... Removed 25 stack frames]]>
    </failure>
  </testcase> <!-- @BeforeClass setUp -->
  <testcase name="@AfterMethod getResult" time="0.0" classname="com.evoke.browserstack.BrowserStackDemoWithJson">
    <skipped/>
  </testcase> <!-- @AfterMethod getResult -->
  <testcase name="@AfterMethod getResult" time="0.0" classname="com.evoke.browserstack.BrowserStackDemoWithJson">
    <skipped/>
  </testcase> <!-- @AfterMethod getResult -->
  <testcase name="@AfterClass tearDown" time="0.0" classname="com.evoke.browserstack.BrowserStackDemoWithJson">
    <skipped/>
  </testcase> <!-- @AfterClass tearDown -->
  <testcase name="titleVerification" time="0.002" classname="com.evoke.browserstack.BrowserStackDemoWithJson">
    <skipped/>
  </testcase> <!-- titleVerification -->
  <testcase name="urlVerification" time="0.002" classname="com.evoke.browserstack.BrowserStackDemoWithJson">
    <skipped/>
  </testcase> <!-- urlVerification -->
</testsuite> <!-- Test -->
